Arguments: 
  /home/amec/.nvm/versions/node/v8.8.1/bin/node /home/amec/.nvm/versions/node/v8.8.1/bin/yarn add lodash

PATH: 
  /home/amec/.nvm/versions/node/v8.8.1/bin:/home/amec/.yarn/bin:/usr/local/sbin:/usr/local/bin:/usr/sbin:/usr/bin:/sbin:/bin:/usr/games:/usr/local/games:/mnt/c/Program Files/ConEmu:/mnt/c/Program Files/ConEmu/ConEmu:/mnt/c/Program Files/Docker/Docker/resources/bin:/mnt/c/ProgramData/Oracle/Java/javapath_target_467250:/mnt/c/Windows/System32:/mnt/c/Windows:/mnt/c/Windows/System32/wbem:/mnt/c/Windows/System32/WindowsPowerShell/v1.0:/mnt/c/Program Files (x86)/NVIDIA Corporation/PhysX/Common:/mnt/c/Program Files/WIDCOMM/Bluetooth Software:/mnt/c/Program Files/WIDCOMM/Bluetooth Software/syswow64:/mnt/c/Program Files (x86)/Skype/Phone:/mnt/c/Windows/System32:/mnt/c/Windows:/mnt/c/Windows/System32/wbem:/mnt/c/Windows/System32/WindowsPowerShell/v1.0:/mnt/c/Program Files/nodejs:/mnt/c/Program Files (x86)/Yarn/bin:/mnt/c/Users/Amec/AppData/Local/Microsoft/WindowsApps:/mnt/c/Users/Amec/.babun:/mnt/c/Program Files (x86)/Yarn:/mnt/c/Python27:/mnt/c/Python27/Scripts:/mnt/c/Users/Amec/AppData/Local/Microsoft/WindowsApps:/mnt/c/Program Files/Microsoft VS Code/bin:/mnt/c/Program Files/Microsoft VS Code Insiders/bin:/mnt/c/Users/Amec/AppData/Roaming/npm:/mnt/c/Users/Amec/AppData/Local/Yarn/bin:/mnt/c/Users/Amec/AppData/Local/Google/Cloud SDK/google-cloud-sdk/bin

Yarn version: 
  1.3.2

Node version: 
  8.8.1

Platform: 
  linux x64

npm manifest: 
  {
    "name": "wpt",
    "description": "Woopra tracker for the browser",
    "version": "5.1.17",
    "repository": "https://github.com/Woopra/js-client-tracker.git",
    "author": {
      "name": "Billy Vong <billy@woopra.com>"
    },
    "scripts": {
      "test": "grunt test",
      "local-test": "grunt local-test"
    },
    "devDependencies": {
      "expect.js": "~0.2.0",
      "grunt": "~0.4.x",
      "grunt-contrib-connect": "~0.x",
      "grunt-contrib-jshint": "~0.x",
      "grunt-contrib-uglify": "~0.x",
      "grunt-contrib-watch": "~0.x",
      "grunt-mocha": "0.4.x",
      "lodash": "^2.4.1",
      "grunt-saucelabs": "^8.5.0",
      "mocha": "*",
      "mocha-phantomjs": "3.x.x",
      "request": "~2.27.0",
      "scp": "0.0.3",
      "sinon": "~1.8.1",
      "sinon-expect": "*"
    },
    "dependencies": {}
  }

yarn manifest: 
  No manifest

Lockfile: 
  No lockfile

Trace: 
  Error: EINVAL: invalid argument, lstat '/mnt/c/Users/Amec/code/js-client-tracker/node_modules/ajv/LICENSE'
